Batch Age Calibration
====================
Input folder: C:\Users\miles\vcs\how-alike\calibration-images
Output file:  C:\Users\miles\vcs\how-alike\calibration-data.csv

Found 22 images

Launching browser...
✗ 10_1_0_20170109204617417.jpg: page.waitForFunction: Timeout 30000ms exceeded.
✗ 12_1_0_20170109205104124.jpg: page.waitForFunction: Timeout 30000ms exceeded.
✗ 14_1_0_20170103201911744.jpg: page.waitForFunction: Timeout 30000ms exceeded.
✗ 18_0_0_20170110231625906.jpg: page.waitForFunction: Timeout 30000ms exceeded.
✗ 19_1_3_20170104221847479.jpg: page.waitForFunction: Timeout 30000ms exceeded.
✗ 26_1_2_20170104015910819.jpg: page.waitForFunction: Timeout 30000ms exceeded.
✗ 29_0_4_20170103235516820.jpg: page.waitForFunction: Timeout 30000ms exceeded.
✗ 35_1_1_20170109132740903.jpg: page.waitForFunction: Timeout 30000ms exceeded.
✗ 39_1_0_20170103182742753.jpg: page.waitForFunction: Timeout 30000ms exceeded.
✗ 3_0_4_20170103202821873.jpg: page.waitForFunction: Timeout 30000ms exceeded.
✗ 46_1_0_20170105172417134.jpg: page.waitForFunction: Timeout 30000ms exceeded.
✗ 47_0_0_20170104211830788.jpg: page.waitForFunction: Timeout 30000ms exceeded.
✗ 59_0_0_20170111203905144.jpg: page.waitForFunction: Timeout 30000ms exceeded.
✗ 59_1_0_20170110122554230.jpg: page.waitForFunction: Timeout 30000ms exceeded.
✗ 5_1_0_20170109191946614.jpg: page.waitForFunction: Timeout 30000ms exceeded.
✗ 66_1_0_20170110140413980.jpg: page.waitForFunction: Timeout 30000ms exceeded.
✗ 67_0_3_20161220221736930.jpg: page.waitForFunction: Timeout 30000ms exceeded.
